<?xml version="1.0" encoding="UTF-8"?>
<!-- Generated by org.testng.reporters.JUnitReportReporter -->
<testsuite hostname="MKD-CORP-BCP086" failures="0" tests="6" name="com.cyient.test.LoginTest" time="86.586" errors="0" timestamp="2021-06-09T00:45:29 IST" skipped="0">
  <testcase classname="com.cyient.test.LoginTest" name="validCredentialTest" time="16.811"/>
  <system-out/>
  <testcase classname="com.cyient.test.LoginTest" name="invalidCredentialTest" time="11.909"/>
  <system-out/>
  <testcase classname="com.cyient.test.LoginTest" name="validateUIComponentTest" time="10.054"/>
  <system-out/>
  <testcase classname="com.cyient.test.LoginTest" name="validCredentialTest" time="18.624"/>
  <system-out/>
  <testcase classname="com.cyient.test.LoginTest" name="validCredentialTest" time="15.292"/>
  <system-out/>
  <testcase classname="com.cyient.test.LoginTest" name="invalidCredentialTest" time="13.896"/>
  <system-out/>
</testsuite> <!-- com.cyient.test.LoginTest -->
